{"/Users/Talyssa/frontend/dev/stellar-burgers-tests/src/components/form/form.tsx": {"path":"/Users/Talyssa/frontend/dev/stellar-burgers-tests/src/components/form/form.tsx","statementMap":{"0":{"start":{"line":1,"column":0},"end":{"line":1,"column":null}},"1":{"start":{"line":11,"column":0},"end":{"line":11,"column":39}},"2":{"start":{"line":12,"column":0},"end":{"line":12,"column":24}},"3":{"start":{"line":13,"column":0},"end":{"line":13,"column":null}},"4":{"start":{"line":20,"column":0},"end":{"line":20,"column":52}},"5":{"start":{"line":23,"column":36},"end":{"line":170,"column":1}},"6":{"start":{"line":23,"column":46},"end":{"line":23,"column":48}},"7":{"start":{"line":23,"column":57},"end":{"line":23,"column":59}},"8":{"start":{"line":24,"column":18},"end":{"line":24,"column":47}},"9":{"start":{"line":25,"column":26},"end":{"line":25,"column":38}},"10":{"start":{"line":25,"column":13},"end":{"line":25,"column":15}},"11":{"start":{"line":25,"column":22},"end":{"line":25,"column":26}},"12":{"start":{"line":26,"column":36},"end":{"line":26,"column":51}},"13":{"start":{"line":26,"column":18},"end":{"line":26,"column":20}},"14":{"start":{"line":26,"column":32},"end":{"line":26,"column":36}},"15":{"start":{"line":27,"column":28},"end":{"line":27,"column":40}},"16":{"start":{"line":27,"column":14},"end":{"line":27,"column":16}},"17":{"start":{"line":27,"column":24},"end":{"line":27,"column":28}},"18":{"start":{"line":28,"column":34},"end":{"line":28,"column":46}},"19":{"start":{"line":28,"column":17},"end":{"line":28,"column":19}},"20":{"start":{"line":28,"column":30},"end":{"line":28,"column":34}},"21":{"start":{"line":29,"column":46},"end":{"line":29,"column":58}},"22":{"start":{"line":29,"column":23},"end":{"line":29,"column":25}},"23":{"start":{"line":29,"column":42},"end":{"line":29,"column":46}},"24":{"start":{"line":30,"column":56},"end":{"line":30,"column":71}},"25":{"start":{"line":30,"column":28},"end":{"line":30,"column":30}},"26":{"start":{"line":30,"column":52},"end":{"line":30,"column":56}},"27":{"start":{"line":31,"column":19},"end":{"line":31,"column":24}},"28":{"start":{"line":33,"column":65},"end":{"line":40,"column":3}},"29":{"start":{"line":34,"column":4},"end":{"line":34,"column":28}},"30":{"start":{"line":35,"column":4},"end":{"line":39,"column":5}},"31":{"start":{"line":36,"column":6},"end":{"line":36,"column":25}},"32":{"start":{"line":38,"column":6},"end":{"line":38,"column":26}},"33":{"start":{"line":42,"column":66},"end":{"line":44,"column":3}},"34":{"start":{"line":43,"column":4},"end":{"line":43,"column":29}},"35":{"start":{"line":46,"column":69},"end":{"line":49,"column":3}},"36":{"start":{"line":47,"column":4},"end":{"line":47,"column":34}},"37":{"start":{"line":48,"column":4},"end":{"line":48,"column":32}},"38":{"start":{"line":51,"column":75},"end":{"line":56,"column":3}},"39":{"start":{"line":54,"column":4},"end":{"line":54,"column":34}},"40":{"start":{"line":55,"column":4},"end":{"line":55,"column":38}},"41":{"start":{"line":58,"column":58},"end":{"line":67,"column":3}},"42":{"start":{"line":59,"column":4},"end":{"line":59,"column":23}},"43":{"start":{"line":60,"column":4},"end":{"line":63,"column":5}},"44":{"start":{"line":61,"column":6},"end":{"line":61,"column":35}},"45":{"start":{"line":62,"column":6},"end":{"line":62,"column":13}},"46":{"start":{"line":64,"column":4},"end":{"line":64,"column":34}},"47":{"start":{"line":66,"column":4},"end":{"line":66,"column":24}},"48":{"start":{"line":69,"column":2},"end":{"line":169,"column":4}},"49":{"start":{"line":23,"column":13},"end":{"line":23,"column":36}}},"fnMap":{"0":{"name":"(anonymous_1)","decl":{"start":{"line":23,"column":36},"end":{"line":23,"column":37}},"loc":{"start":{"line":23,"column":59},"end":{"line":170,"column":1}}},"1":{"name":"(anonymous_2)","decl":{"start":{"line":33,"column":65},"end":{"line":33,"column":66}},"loc":{"start":{"line":33,"column":67},"end":{"line":40,"column":3}}},"2":{"name":"(anonymous_3)","decl":{"start":{"line":42,"column":66},"end":{"line":42,"column":67}},"loc":{"start":{"line":42,"column":68},"end":{"line":44,"column":3}}},"3":{"name":"(anonymous_4)","decl":{"start":{"line":46,"column":69},"end":{"line":46,"column":70}},"loc":{"start":{"line":46,"column":71},"end":{"line":49,"column":3}}},"4":{"name":"(anonymous_5)","decl":{"start":{"line":51,"column":75},"end":{"line":51,"column":null}},"loc":{"start":{"line":52,"column":5},"end":{"line":56,"column":3}}},"5":{"name":"(anonymous_6)","decl":{"start":{"line":58,"column":58},"end":{"line":58,"column":59}},"loc":{"start":{"line":58,"column":60},"end":{"line":67,"column":3}}},"6":{"name":"(anonymous_7)","decl":{"start":{"line":127,"column":67},"end":{"line":127,"column":74}},"loc":{"start":{"line":127,"column":67},"end":{"line":127,"column":75}}},"7":{"name":"(anonymous_8)","decl":{"start":{"line":163,"column":19},"end":{"line":163,"column":26}},"loc":{"start":{"line":163,"column":19},"end":{"line":163,"column":27}}}},"branchMap":{"0":{"loc":{"start":{"line":35,"column":4},"end":{"line":39,"column":5}},"type":"if","locations":[{"start":{"line":35,"column":4},"end":{"line":39,"column":5}},{"start":{"line":37,"column":11},"end":{"line":39,"column":5}}]},"1":{"loc":{"start":{"line":60,"column":4},"end":{"line":63,"column":5}},"type":"if","locations":[{"start":{"line":60,"column":4},"end":{"line":63,"column":5}}]},"2":{"loc":{"start":{"line":143,"column":11},"end":{"line":144,"column":null}},"type":"binary-expr","locations":[{"start":{"line":143,"column":11},"end":{"line":143,"column":30}},{"start":{"line":144,"column":12},"end":{"line":144,"column":65}}]}},"s":{"0":1,"1":1,"2":1,"3":1,"4":1,"5":1,"6":2,"7":2,"8":2,"9":2,"10":2,"11":2,"12":2,"13":2,"14":2,"15":2,"16":2,"17":2,"18":2,"19":2,"20":2,"21":2,"22":2,"23":2,"24":2,"25":2,"26":2,"27":2,"28":2,"29":0,"30":0,"31":0,"32":0,"33":2,"34":0,"35":2,"36":0,"37":0,"38":2,"39":0,"40":0,"41":2,"42":1,"43":1,"44":0,"45":0,"46":1,"47":1,"48":2,"49":1},"f":{"0":2,"1":0,"2":0,"3":0,"4":0,"5":1,"6":0,"7":0},"b":{"0":[0,0],"1":[0],"2":[2,0]}}
,"/Users/Talyssa/frontend/dev/stellar-burgers-tests/src/components/form/index.ts": {"path":"/Users/Talyssa/frontend/dev/stellar-burgers-tests/src/components/form/index.ts","statementMap":{"0":{"start":{"line":1,"column":0},"end":{"line":1,"column":9}},"1":{"start":{"line":1,"column":9},"end":{"line":1,"column":30}}},"fnMap":{"0":{"name":"(anonymous_0)","decl":{"start":{"line":1,"column":9},"end":{"line":1,"column":13}},"loc":{"start":{"line":1,"column":9},"end":{"line":1,"column":30}}}},"branchMap":{},"s":{"0":1,"1":3},"f":{"0":2},"b":{}}
,"/Users/Talyssa/frontend/dev/stellar-burgers-tests/src/utils/constants.ts": {"path":"/Users/Talyssa/frontend/dev/stellar-burgers-tests/src/utils/constants.ts","statementMap":{"0":{"start":{"line":1,"column":13},"end":{"line":1,"column":52}}},"fnMap":{},"branchMap":{},"s":{"0":1},"f":{},"b":{}}
}
