TN:
SF:src/components/form/form.tsx
FN:23,(anonymous_1)
FN:33,(anonymous_2)
FN:42,(anonymous_3)
FN:46,(anonymous_4)
FN:51,(anonymous_5)
FN:58,(anonymous_6)
FN:127,(anonymous_7)
FN:163,(anonymous_8)
FNF:8
FNH:2
FNDA:2,(anonymous_1)
FNDA:0,(anonymous_2)
FNDA:0,(anonymous_3)
FNDA:0,(anonymous_4)
FNDA:0,(anonymous_5)
FNDA:1,(anonymous_6)
FNDA:0,(anonymous_7)
FNDA:0,(anonymous_8)
DA:1,1
DA:11,1
DA:12,1
DA:13,1
DA:20,1
DA:23,2
DA:24,2
DA:25,2
DA:26,2
DA:27,2
DA:28,2
DA:29,2
DA:30,2
DA:31,2
DA:33,2
DA:34,0
DA:35,0
DA:36,0
DA:38,0
DA:42,2
DA:43,0
DA:46,2
DA:47,0
DA:48,0
DA:51,2
DA:54,0
DA:55,0
DA:58,2
DA:59,1
DA:60,1
DA:61,0
DA:62,0
DA:64,1
DA:66,1
DA:69,2
LF:35
LH:24
BRDA:35,0,0,0
BRDA:35,0,1,0
BRDA:60,1,0,0
BRDA:143,2,0,2
BRDA:143,2,1,0
BRF:5
BRH:1
end_of_record
TN:
SF:src/components/form/index.ts
FN:1,(anonymous_0)
FNF:1
FNH:1
FNDA:2,(anonymous_0)
DA:1,3
LF:1
LH:1
BRF:0
BRH:0
end_of_record
TN:
SF:src/utils/constants.ts
FNF:0
FNH:0
DA:1,1
LF:1
LH:1
BRF:0
BRH:0
end_of_record
